[2016-09-09 17:32:12] local.ERROR: exception 'Symfony\Component\Debug\Exception\FatalErrorException' with message 'syntax error, unexpected ''as'' (T_CONSTANT_ENCAPSED_STRING), expecting ']'' in C:\Proyectos Laravel\crud4\app\Http\routes.php:20
Stack trace:
#0 C:\Proyectos Laravel\crud4\vendor\laravel\framework\src\Illuminate\Foundation\Bootstrap\HandleExceptions.php(133): Symfony\Component\Debug\Exception\FatalErrorException->__construct()
#1 C:\Proyectos Laravel\crud4\vendor\laravel\framework\src\Illuminate\Foundation\Bootstrap\HandleExceptions.php(118): Illuminate\Foundation\Bootstrap\HandleExceptions->fatalExceptionFromError()
#2 C:\Proyectos Laravel\crud4\vendor\laravel\framework\src\Illuminate\Foundation\Bootstrap\HandleExceptions.php(0): Illuminate\Foundation\Bootstrap\HandleExceptions->handleShutdown()
#3 C:\Proyectos Laravel\crud4\vendor\laravel\framework\src\Illuminate\Routing\Router.php(398): App\Providers\RouteServiceProvider->App\Providers\{closure}()
#4 C:\Proyectos Laravel\crud4\vendor\laravel\framework\src\Illuminate\Routing\Router.php(398): call_user_func:{C:\Proyectos Laravel\crud4\vendor\laravel\framework\src\Illuminate\Routing\Router.php:398}()
#5 C:\Proyectos Laravel\crud4\app\Providers\RouteServiceProvider.php(42): Illuminate\Routing\Router->group()
#6 C:\Proyectos Laravel\crud4\vendor\laravel\framework\src\Illuminate\Container\Container.php(507): App\Providers\RouteServiceProvider->map()
#7 C:\Proyectos Laravel\crud4\vendor\laravel\framework\src\Illuminate\Container\Container.php(507): call_user_func_array:{C:\Proyectos Laravel\crud4\vendor\laravel\framework\src\Illuminate\Container\Container.php:507}()
#8 C:\Proyectos Laravel\crud4\vendor\laravel\framework\src\Illuminate\Foundation\Support\Providers\RouteServiceProvider.php(72): Illuminate\Container\Container->call()
#9 C:\Proyectos Laravel\crud4\vendor\laravel\framework\src\Illuminate\Foundation\Support\Providers\RouteServiceProvider.php(31): Illuminate\Foundation\Support\Providers\RouteServiceProvider->loadRoutes()
#10 C:\Proyectos Laravel\crud4\app\Providers\RouteServiceProvider.php(29): Illuminate\Foundation\Support\Providers\RouteServiceProvider->boot()
#11 C:\Proyectos Laravel\crud4\vendor\laravel\framework\src\Illuminate\Container\Container.php(507): App\Providers\RouteServiceProvider->boot()
#12 C:\Proyectos Laravel\crud4\vendor\laravel\framework\src\Illuminate\Container\Container.php(507): call_user_func_array:{C:\Proyectos Laravel\crud4\vendor\laravel\framework\src\Illuminate\Container\Container.php:507}()
#13 C:\Proyectos Laravel\crud4\vendor\laravel\framework\src\Illuminate\Foundation\Application.php(757): Illuminate\Container\Container->call()
#14 C:\Proyectos Laravel\crud4\vendor\laravel\framework\src\Illuminate\Foundation\Application.php(740): Illuminate\Foundation\Application->bootProvider()
#15 C:\Proyectos Laravel\crud4\vendor\laravel\framework\src\Illuminate\Foundation\Application.php(741): Illuminate\Foundation\Application->Illuminate\Foundation\{closure}()
#16 C:\Proyectos Laravel\crud4\vendor\laravel\framework\src\Illuminate\Foundation\Application.php(741): array_walk()
#17 C:\Proyectos Laravel\crud4\vendor\laravel\framework\src\Illuminate\Foundation\Bootstrap\BootProviders.php(17): Illuminate\Foundation\Application->boot()
#18 C:\Proyectos Laravel\crud4\vendor\laravel\framework\src\Illuminate\Foundation\Application.php(203): Illuminate\Foundation\Bootstrap\BootProviders->bootstrap()
#19 C:\Proyectos Laravel\crud4\vendor\laravel\framework\src\Illuminate\Foundation\Console\Kernel.php(219): Illuminate\Foundation\Application->bootstrapWith()
#20 C:\Proyectos Laravel\crud4\vendor\laravel\framework\src\Illuminate\Foundation\Console\Kernel.php(105): Illuminate\Foundation\Console\Kernel->bootstrap()
#21 C:\Proyectos Laravel\crud4\artisan(36): Illuminate\Foundation\Console\Kernel->handle()
#22 C:\Proyectos Laravel\crud4\artisan(0): {main}()
#23 {main}  
[2016-09-09 17:32:30] local.ERROR: exception 'Symfony\Component\Debug\Exception\FatalErrorException' with message 'syntax error, unexpected ''as'' (T_CONSTANT_ENCAPSED_STRING), expecting ']'' in C:\Proyectos Laravel\crud4\app\Http\routes.php:20
Stack trace:
#0 C:\Proyectos Laravel\crud4\vendor\laravel\framework\src\Illuminate\Foundation\Bootstrap\HandleExceptions.php(133): Symfony\Component\Debug\Exception\FatalErrorException->__construct()
#1 C:\Proyectos Laravel\crud4\vendor\laravel\framework\src\Illuminate\Foundation\Bootstrap\HandleExceptions.php(118): Illuminate\Foundation\Bootstrap\HandleExceptions->fatalExceptionFromError()
#2 C:\Proyectos Laravel\crud4\vendor\laravel\framework\src\Illuminate\Foundation\Bootstrap\HandleExceptions.php(0): Illuminate\Foundation\Bootstrap\HandleExceptions->handleShutdown()
#3 C:\Proyectos Laravel\crud4\vendor\laravel\framework\src\Illuminate\Routing\Router.php(398): App\Providers\RouteServiceProvider->App\Providers\{closure}()
#4 C:\Proyectos Laravel\crud4\vendor\laravel\framework\src\Illuminate\Routing\Router.php(398): call_user_func:{C:\Proyectos Laravel\crud4\vendor\laravel\framework\src\Illuminate\Routing\Router.php:398}()
#5 C:\Proyectos Laravel\crud4\app\Providers\RouteServiceProvider.php(42): Illuminate\Routing\Router->group()
#6 C:\Proyectos Laravel\crud4\vendor\laravel\framework\src\Illuminate\Container\Container.php(507): App\Providers\RouteServiceProvider->map()
#7 C:\Proyectos Laravel\crud4\vendor\laravel\framework\src\Illuminate\Container\Container.php(507): call_user_func_array:{C:\Proyectos Laravel\crud4\vendor\laravel\framework\src\Illuminate\Container\Container.php:507}()
#8 C:\Proyectos Laravel\crud4\vendor\laravel\framework\src\Illuminate\Foundation\Support\Providers\RouteServiceProvider.php(72): Illuminate\Container\Container->call()
#9 C:\Proyectos Laravel\crud4\vendor\laravel\framework\src\Illuminate\Foundation\Support\Providers\RouteServiceProvider.php(31): Illuminate\Foundation\Support\Providers\RouteServiceProvider->loadRoutes()
#10 C:\Proyectos Laravel\crud4\app\Providers\RouteServiceProvider.php(29): Illuminate\Foundation\Support\Providers\RouteServiceProvider->boot()
#11 C:\Proyectos Laravel\crud4\vendor\laravel\framework\src\Illuminate\Container\Container.php(507): App\Providers\RouteServiceProvider->boot()
#12 C:\Proyectos Laravel\crud4\vendor\laravel\framework\src\Illuminate\Container\Container.php(507): call_user_func_array:{C:\Proyectos Laravel\crud4\vendor\laravel\framework\src\Illuminate\Container\Container.php:507}()
#13 C:\Proyectos Laravel\crud4\vendor\laravel\framework\src\Illuminate\Foundation\Application.php(757): Illuminate\Container\Container->call()
#14 C:\Proyectos Laravel\crud4\vendor\laravel\framework\src\Illuminate\Foundation\Application.php(740): Illuminate\Foundation\Application->bootProvider()
#15 C:\Proyectos Laravel\crud4\vendor\laravel\framework\src\Illuminate\Foundation\Application.php(741): Illuminate\Foundation\Application->Illuminate\Foundation\{closure}()
#16 C:\Proyectos Laravel\crud4\vendor\laravel\framework\src\Illuminate\Foundation\Application.php(741): array_walk()
#17 C:\Proyectos Laravel\crud4\vendor\laravel\framework\src\Illuminate\Foundation\Bootstrap\BootProviders.php(17): Illuminate\Foundation\Application->boot()
#18 C:\Proyectos Laravel\crud4\vendor\laravel\framework\src\Illuminate\Foundation\Application.php(203): Illuminate\Foundation\Bootstrap\BootProviders->bootstrap()
#19 C:\Proyectos Laravel\crud4\vendor\laravel\framework\src\Illuminate\Foundation\Console\Kernel.php(219): Illuminate\Foundation\Application->bootstrapWith()
#20 C:\Proyectos Laravel\crud4\vendor\laravel\framework\src\Illuminate\Foundation\Console\Kernel.php(105): Illuminate\Foundation\Console\Kernel->bootstrap()
#21 C:\Proyectos Laravel\crud4\artisan(36): Illuminate\Foundation\Console\Kernel->handle()
#22 C:\Proyectos Laravel\crud4\artisan(0): {main}()
#23 {main}  
